//-------------------------- 3/14/2018 -- 22:22:17 -----
Processor Init:
   AMD Phenom, ~3.41 Ghz
   FPU detected
   MMX detected
   3DNow detected
   SSE detected
   SSE2 detected
   MP detected [4 cores, 4 logical, 1 physical]
 
Math Init:
   Installing Standard C extensions
   Installing Assembly extensions
   Installing FPU extensions
   Installing MMX extensions
   Installing 3DNow extensions
   Installing SSE extensions
 
Initializing platform...
Input Init:
   keyboard0 input device created.
   mouse0 input device created.
   DirectInput enabled.

Done
SFXALProvider - OpenAL not available.
GFX Init:
   Direct 3D (version 9.x) device found
   Null device found
   OpenGL device found

DebugDrawer Enabled!
--------- Loading DIRS ---------

--------- Parsing Arguments ---------
Binding server port to default IP
UDP initialized on port 0
Attempting to create GFX device: AMD Radeon HD 6670 (D3D9) [\\.\DISPLAY1]
Device created, setting adapter and enumerating modes
   Cur. D3DDevice ref count=1
   Pix version detected: 3.000000
   Vert version detected: 3.000000
   Maximum number of simultaneous samplers: 16
   Number of simultaneous render targets: 4
   Hardware occlusion query detected: Yes
   Using Direct3D9Ex: No
WMIVideoInfo: DxDiag initialized
Initializing GFXCardProfiler (D3D9)
   o Chipset : 'AMD Radeon Graphics Processor (0x6758)'
   o Card    : 'AMD Radeon HD 6670'
   o Version : '8.17.0010.1404'
   o VRAM    : 1024 MB
   - Scanning card capabilities...
GFXCardProfiler (D3D9) - Setting capability 'autoMipMapLevel' to 1.
GFXCardProfiler (D3D9) - Setting capability 'maxTextureWidth' to 16384.
GFXCardProfiler (D3D9) - Setting capability 'maxTextureHeight' to 16384.
GFXCardProfiler (D3D9) - Setting capability 'maxTextureSize' to 16384.
GFXCardProfiler (D3D9) - Setting capability 'lerpDetailBlend' to 1.
GFXCardProfiler (D3D9) - Setting capability 'fourStageDetailBlend' to 1.
   - Loading card profiles...
      - Loaded card profile core/profile/D3D9.cs
      - No card profile core/profile/D3D9.AMDRadeonGraphicsProcessor0x6758.cs exists
      - No card profile core/profile/D3D9.AMDRadeonGraphicsProcessor0x6758.AMDRadeonHD6670.cs exists
      - No card profile core/profile/D3D9.AMDRadeonGraphicsProcessor0x6758.AMDRadeonHD6670.81700101404.cs exists
% - PostFX Manager - Executing core/scripts/client/postFx/default.postfxpreset.cs
% - PostFX Manager - Applying from preset
% - PostFX Manager - PostFX enabled
core/scripts/gui/messageBoxes/messageBox.ed.cs (23): string always evaluates to 0.
 % - Initialized Core

--------- Initializing Directory: scripts ---------
sfxStartup...
SFXSystem::createDevice - created DirectSound device 'Динамики (VIA HD Audio)'
SFXDSDevice::setDistanceModel - 'linear' distance attenuation not supported by DirectSound
   Provider: DirectSound
   Device: Динамики (VIA HD Audio)
   Hardware: No
   Buffers: 16

--------- Initializing Wixuss: Server Scripts ---------

--------- Initializing Wixuss: Client Scripts ---------

--------- Initializing Lighting Systems ---------
Using Advanced Lighting


--------------
Attempting to set resolution to "1024 768 false 32 60 4"
Accepted Mode: 
--Resolution : 1024 768
--Full Screen : No
--Bits Per Pixel : 32
--Refresh Rate : 60
--FSAA Level : 4
--------------
GFXPCD3D9Device::reset - depthstencil 1ee63e0 has 2 ref's
--- Resetting D3D Device ---
GFXPCD3D9Device::reset - depthstencil 619ce40 has 2 ref's
--- Resetting D3D Device ---
Binding server port to default IP
UDP initialized on port 0
Activating DirectInput...
 % - Initializing Tools
tools/gui/guiPlatformGenericMenubar.ed.gui (0): Unable to instantiate non-conobject class GuiPlatformGenericMenuBar.
 % - Initializing Tools Base
 % - Initializing Base Editor
 % - Initializing World Editor
 % - Initializing Sketch Tool
 - Initializing Datablock Editor
 % - Initializing Debugger
 % - Initializing Decal Editor
 % - Initializing Forest Editor
 % - Initializing Gui Editor
 % - Initializing Material Editor
 % - Initializing Mesh Road Editor
 % - Initializing Mission Area Editor
 % - Initializing Navigation Editor
SimObject::linkNamespaces -- Namespace linkage already in place NavEditorConsoleListener
 % - Initializing Particle Editor
 % - Initializing Physics Tools
 % - Initializing River Editor
 - Initializing Road and Path Editor
 % - Initializing Shape Editor
Engine initialized...
Win32Window::WindowProc - resetting device due to window size change.
GFXPCD3D9Device::reset - depthstencil 619cee0 has 2 ref's
--- Resetting D3D Device ---
Window focus status changed: focus: 1
AntiAliasing has been disabled; it is not compatible with AdvancedLighting.
Exporting server prefs...
*** LOADING MISSION: levels/wixossMission.mis
*** Stage 1 load
*** Stage 2 load
*** Mission loaded
Connect request from: IP:0.0.0.0:0
Connection established 19552
CADD: 19553 local
*** Sending mission load to client: levels/wixossMission.mis
Mapping string: ServerMessage to index: 0
Mapping string: MsgConnectionError to index: 1
onServerMessage: 
Mapping string: MsgLoadInfo to index: 2
onServerMessage: 
Mapping string: MsgLoadDescripition to index: 3
onServerMessage: 
Mapping string: MsgLoadInfoDone to index: 4
onServerMessage: 
Mapping string: MsgClientJoin to index: 5
Mapping string: Welcome to a Torque application %1. to index: 6
Mapping string: Visitor to index: 7
onServerMessage: 
  +- a: Welcome to a Torque application Visitor.
Mapping string: MissionStartPhase1 to index: 8
*** New Mission: levels/wixossMission.mis
*** Phase 1: Download Datablocks & Targets
% - PostFX Manager - Executing core/scripts/client/postFx/default.postfxpreset.cs
% - PostFX Manager - Applying from preset
% - PostFX Manager - PostFX enabled
Mapping string: MissionStartPhase1Ack to index: 0
Mapping string: MissionStartPhase2 to index: 9
*** Phase 2: Download Ghost Objects
Mapping string: MissionStartPhase2Ack to index: 1
[Material::mapMaterial] - Cannot map unnamed Material
[Material::mapMaterial] - Cannot map unnamed Material
Ghost Always objects received.
Mapping string: MissionStartPhase3 to index: 10
Client Replication Startup has Happened!
fxFoliageReplicator - replicated client foliage for 0 objects
Failed to create resource: [levels/wixossMission.mis.decals]
*** Phase 3: Mission Lighting
Mission lighting done
Mapping string: MissionStartPhase3Ack to index: 2
Unable to spawn an object without a spawnClass
Mapping string: MissionStart to index: 11
*** Initial Control Object
*** Control Object Changed
C:/Torque 3.8/My Projects/Wixoss/game/shaders/common/postFx/edgeaa/edgeDetectP.hlsl(51,13): warning X3550: array reference cannot be used as an l-value; not natively addressable, forcing loop to unroll
*** ENDING MISSION
CDROP: 19553 IP:0.0.0.0:0
Exporting server prefs...
Exporting server prefs...
Exporting client prefs
Exporting server prefs
Cur. D3DDevice ref count=1
